#
# A fatal error has been detected by the Java Runtime Environment:
#
#  EXCEPTION_ACCESS_VIOLATION (0xc0000005) at pc=0x11245f80, pid=5220, tid=8064
#
# JRE version: 6.0_16-b01
# Java VM: Java HotSpot(TM) Client VM (14.2-b01 mixed mode windows-x86 )
# Problematic frame:
# C  0x11245f80
#
# If you would like to submit a bug report, please visit:
#   http://java.sun.com/webapps/bugreport/crash.jsp
# The crash happened outside the Java Virtual Machine in native code.
# See problematic frame for where to report the bug.
#

---------------  T H R E A D  ---------------

Current thread (0x0258c000):  JavaThread "Finalizer" daemon [_thread_in_native, id=8064, stack(0x106c0000,0x10710000)]

siginfo: ExceptionCode=0xc0000005, reading address 0x11245f80

Registers:
EAX=0x11245f80, EBX=0x0ca15550, ECX=0x0258c110, EDX=0x0ca7e728
ESP=0x1070f62c, EBP=0x1070f660, ESI=0x0ca15550, EDI=0x0258c000
EIP=0x11245f80, EFLAGS=0x00010283

Top of Stack: (sp=0x1070f62c)
0x1070f62c:   025f9e37 0258c110 1070f668 0059ac08
0x1070f63c:   00000000 1070f640 00000000 1070f674
0x1070f64c:   0ca7e728 00000000 0ca15550 00000000
0x1070f65c:   1070f670 1070f698 025f2da1 0ca158a0
0x1070f66c:   025f8269 0059ac08 00000000 1070f678
0x1070f67c:   0ca136fd 1070f6a0 0ca7e728 00000000
0x1070f68c:   0ca13720 1070f670 1070f6a0 1070f6b4
0x1070f69c:   025f02cb 050169a8 00001f80 025f0266 

Instructions: (pc=0x11245f80)
0x11245f70:   
[error occurred during error reporting (printing registers, top of stack, instructions near pc), id 0xc0000005]

Stack: [0x106c0000,0x10710000],  sp=0x1070f62c,  free space=317k
Native frames: (J=compiled Java code, j=interpreted, Vv=VM code, C=native code)
C  0x11245f80
j  com.sun.jna.Memory.finalize()V+13
v  ~StubRoutines::call_stub
V  [jvm.dll+0xecf9c]
V  [jvm.dll+0x1741e1]
V  [jvm.dll+0xed01d]
V  [jvm.dll+0xf5e2f]
V  [jvm.dll+0xf8b24]
C  [java.dll+0x2115]
j  java.lang.ref.Finalizer.runFinalizer()V+45
j  java.lang.ref.Finalizer.access$100(Ljava/lang/ref/Finalizer;)V+1
j  java.lang.ref.Finalizer$FinalizerThread.run()V+11
v  ~StubRoutines::call_stub
V  [jvm.dll+0xecf9c]
V  [jvm.dll+0x1741e1]
V  [jvm.dll+0xed167]
V  [jvm.dll+0xed1dd]
V  [jvm.dll+0x116290]
V  [jvm.dll+0x1d0424]
V  [jvm.dll+0x173e5c]
C  [msvcr71.dll+0x9565]
C  [kernel32.dll+0x133aa]
C  [ntdll.dll+0x39ef2]
C  [ntdll.dll+0x39ec5]

Java frames: (J=compiled Java code, j=interpreted, Vv=VM code)
j  com.sun.jna.Memory.free(J)V+0
j  com.sun.jna.Memory.finalize()V+13
v  ~StubRoutines::call_stub
j  java.lang.ref.Finalizer.invokeFinalizeMethod(Ljava/lang/Object;)V+0
j  java.lang.ref.Finalizer.runFinalizer()V+45
j  java.lang.ref.Finalizer.access$100(Ljava/lang/ref/Finalizer;)V+1
j  java.lang.ref.Finalizer$FinalizerThread.run()V+11
v  ~StubRoutines::call_stub

---------------  P R O C E S S  ---------------

Java Threads: ( => current thread )
  0x12c71400 JavaThread "Thread-1" daemon [_thread_in_native, id=7668, stack(0x119e0000,0x11a30000)]
  0x12c71000 JavaThread "Keep-Alive-Timer" daemon [_thread_blocked, id=6944, stack(0x11950000,0x119a0000)]
  0x12c70800 JavaThread "DestroyJavaVM" [_thread_blocked, id=7916, stack(0x00220000,0x00270000)]
  0x10b27000 JavaThread "TimerQueue" daemon [_thread_blocked, id=2344, stack(0x13260000,0x132b0000)]
  0x10bdcc00 JavaThread "Image Fetcher 0" daemon [_thread_blocked, id=4136, stack(0x130b0000,0x13100000)]
  0x10bb0400 JavaThread "Image Fetcher 3" daemon [_thread_blocked, id=3388, stack(0x12c20000,0x12c70000)]
  0x10b3a800 JavaThread "AWT-EventQueue-0" [_thread_blocked, id=548, stack(0x11830000,0x11880000)]
  0x10b48400 JavaThread "AWT-Shutdown" [_thread_blocked, id=6000, stack(0x11320000,0x11370000)]
  0x10a05400 JavaThread "AWT-Windows" daemon [_thread_in_native, id=8112, stack(0x10f80000,0x10fd0000)]
  0x109f3000 JavaThread "Java2D Disposer" daemon [_thread_blocked, id=7508, stack(0x10e00000,0x10e50000)]
  0x025d7c00 JavaThread "Low Memory Detector" daemon [_thread_blocked, id=1792, stack(0x10900000,0x10950000)]
  0x025c5400 JavaThread "CompilerThread0" daemon [_thread_blocked, id=7864, stack(0x10870000,0x108c0000)]
  0x025c2400 JavaThread "Attach Listener" daemon [_thread_blocked, id=2456, stack(0x107e0000,0x10830000)]
  0x025b7800 JavaThread "Signal Dispatcher" daemon [_thread_blocked, id=6952, stack(0x10750000,0x107a0000)]
=>0x0258c000 JavaThread "Finalizer" daemon [_thread_in_native, id=8064, stack(0x106c0000,0x10710000)]
  0x02587800 JavaThread "Reference Handler" daemon [_thread_blocked, id=1808, stack(0x10630000,0x10680000)]

Other Threads:
  0x02582c00 VMThread [stack: 0x00520000,0x00570000] [id=2616]
  0x025e2800 WatcherThread [stack: 0x10990000,0x109e0000] [id=2536]

VM state:not at safepoint (normal execution)

VM Mutex/Monitor currently owned by a thread: None

Heap
 def new generation   total 9088K, used 402K [0x045f0000, 0x04fc0000, 0x04fc0000)
  eden space 8128K,   4% used [0x045f0000, 0x04654938, 0x04de0000)
  from space 960K,   0% used [0x04ed0000, 0x04ed0000, 0x04fc0000)
  to   space 960K,   0% used [0x04de0000, 0x04de0000, 0x04ed0000)
 tenured generation   total 121024K, used 3528K [0x04fc0000, 0x0c5f0000, 0x0c5f0000)
   the space 121024K,   2% used [0x04fc0000, 0x05332338, 0x05332400, 0x0c5f0000)
 compacting perm gen  total 12288K, used 11295K [0x0c5f0000, 0x0d1f0000, 0x105f0000)
   the space 12288K,  91% used [0x0c5f0000, 0x0d0f7f28, 0x0d0f8000, 0x0d1f0000)
No shared spaces configured.

Dynamic libraries:
0x00400000 - 0x00424000 	E:\arduino-1.0.1\java\bin\javaw.exe
0x77c30000 - 0x77db0000 	C:\Windows\SysWOW64\ntdll.dll
0x76d50000 - 0x76e60000 	C:\Windows\syswow64\kernel32.dll
0x76b40000 - 0x76b87000 	C:\Windows\syswow64\KERNELBASE.dll
0x77000000 - 0x770a0000 	C:\Windows\syswow64\ADVAPI32.dll
0x76ca0000 - 0x76d4c000 	C:\Windows\syswow64\msvcrt.dll
0x75710000 - 0x75729000 	C:\Windows\SysWOW64\sechost.dll
0x77660000 - 0x77750000 	C:\Windows\syswow64\RPCRT4.dll
0x75680000 - 0x756e0000 	C:\Windows\syswow64\SspiCli.dll
0x75670000 - 0x7567c000 	C:\Windows\syswow64\CRYPTBASE.dll
0x75790000 - 0x75890000 	C:\Windows\syswow64\USER32.dll
0x75e20000 - 0x75eb0000 	C:\Windows\syswow64\GDI32.dll
0x76c80000 - 0x76c8a000 	C:\Windows\syswow64\LPK.dll
0x77460000 - 0x774fd000 	C:\Windows\syswow64\USP10.dll
0x76f90000 - 0x76ff0000 	C:\Windows\system32\IMM32.DLL
0x76bb0000 - 0x76c7c000 	C:\Windows\syswow64\MSCTF.dll
0x7c340000 - 0x7c396000 	E:\arduino-1.0.1\java\bin\msvcr71.dll
0x6d8b0000 - 0x6db3b000 	E:\arduino-1.0.1\java\bin\client\jvm.dll
0x72db0000 - 0x72de2000 	C:\Windows\system32\WINMM.dll
0x73ab0000 - 0x73afc000 	C:\Windows\system32\apphelp.dll
0x6d860000 - 0x6d86c000 	E:\arduino-1.0.1\java\bin\verify.dll
0x6d3e0000 - 0x6d3ff000 	E:\arduino-1.0.1\java\bin\java.dll
0x6d340000 - 0x6d348000 	E:\arduino-1.0.1\java\bin\hpi.dll
0x75890000 - 0x75895000 	C:\Windows\syswow64\PSAPI.DLL
0x6d8a0000 - 0x6d8af000 	E:\arduino-1.0.1\java\bin\zip.dll
0x6d0b0000 - 0x6d1fa000 	E:\arduino-1.0.1\java\bin\awt.dll
0x732a0000 - 0x732f1000 	C:\Windows\system32\WINSPOOL.DRV
0x75a70000 - 0x75bcc000 	C:\Windows\syswow64\ole32.dll
0x72480000 - 0x7261e000 	C:\Windows\WinSxS\x86_microsoft.windows.common-controls_6595b64144ccf1df_6.0.7601.17514_none_41e6975e2bd6f2b2\comctl32.dll
0x75730000 - 0x75787000 	C:\Windows\syswow64\SHLWAPI.dll
0x71e20000 - 0x71e33000 	C:\Windows\system32\DWMAPI.DLL
0x71e40000 - 0x71ec0000 	C:\Windows\system32\uxtheme.dll
0x72700000 - 0x72716000 	C:\Windows\system32\CRYPTSP.dll
0x726c0000 - 0x726fb000 	C:\Windows\system32\rsaenh.dll
0x723f0000 - 0x72407000 	C:\Windows\system32\USERENV.dll
0x72650000 - 0x7265b000 	C:\Windows\system32\profapi.dll
0x6d6c0000 - 0x6d6d3000 	E:\arduino-1.0.1\java\bin\net.dll
0x773a0000 - 0x773d5000 	C:\Windows\syswow64\WS2_32.dll
0x75eb0000 - 0x75eb6000 	C:\Windows\syswow64\NSI.dll
0x72820000 - 0x7285c000 	C:\Windows\system32\mswsock.dll
0x72660000 - 0x72666000 	C:\Windows\System32\wship6.dll
0x72890000 - 0x728a0000 	C:\Windows\system32\NLAapi.dll
0x72880000 - 0x72890000 	C:\Windows\system32\napinsp.dll
0x72860000 - 0x72872000 	C:\Windows\system32\pnrpnsp.dll
0x727d0000 - 0x72814000 	C:\Windows\system32\DNSAPI.dll
0x727c0000 - 0x727c8000 	C:\Windows\System32\winrnr.dll
0x72790000 - 0x727b1000 	C:\Program Files (x86)\Bonjour\mdnsNSP.dll
0x72770000 - 0x7278c000 	C:\Windows\system32\Iphlpapi.DLL
0x72760000 - 0x72767000 	C:\Windows\system32\WINNSI.DLL
0x726b0000 - 0x726b5000 	C:\Windows\System32\wshtcpip.dll
0x726a0000 - 0x726a6000 	C:\Windows\system32\rasadhlp.dll
0x72720000 - 0x72758000 	C:\Windows\System32\fwpuclnt.dll
0x75ec0000 - 0x76b0a000 	C:\Windows\syswow64\shell32.dll
0x6d2e0000 - 0x6d334000 	E:\arduino-1.0.1\java\bin\fontmanager.dll
0x6d6e0000 - 0x6d6e9000 	E:\arduino-1.0.1\java\bin\nio.dll
0x12270000 - 0x12282000 	E:\arduino-1.0.1\rxtxSerial.dll
0x6c240000 - 0x6c267000 	C:\Windows\system32\crtdll.dll
0x770a0000 - 0x7712f000 	C:\Windows\syswow64\OLEAUT32.DLL
0x73b40000 - 0x73b4e000 	C:\Windows\system32\RpcRtRemote.dll

VM Arguments:
jvm_args: -Xms128m -Xmx128m 
java_command: processing.app.Base E:\Projects\robot workshop\linefollower_ino\WHEELS.ino
Launcher Type: SUN_STANDARD

Environment Variables:
JAVA_HOME=C:\Program Files\Java\jdk1.6.0_35\
CLASSPATH=C:\Users\Ritesh\introcs\stdlib.jar;C:\Users\Ritesh\introcs\j3d\lib\ext\j3dutils.jar;C:\Users\Ritesh\introcs\j3d\lib\ext\j3dcore.jar;C:\Users\Ritesh\introcs\j3d\lib\ext\vecmath.jar;.;C:\Program Files (x86)\QuickTime\QTSystem\QTJava.zip
PATH=C:\Users\Ritesh\introcs\java\bin;C:\Program Files (x86)\NVIDIA Corporation\PhysX\Common;C:\Windows\system32;C:\Windows;C:\Windows\System32\Wbem;C:\Windows\System32\WindowsPowerShell\v1.0\;C:\Program Files (x86)\EgisTec MyWinLocker\x64;C:\Program Files (x86)\EgisTec MyWinLocker\;C:\Program Files\Intel\WiFi\bin\;C:\Program Files\Common Files\Intel\WirelessCommon\;C:\Program Files (x86)\QuickTime\QTSystem\;C:\wamp\bin\php\php5.3.13;C:\Program Files\Java\jdk1.6.0_35\;C:\Program Files\Java\jdk1.6.0_35\bin\;C:\Program Files\TortoiseSVN\bin;C:\Program Files\SlikSvn\bin;C:\Program Files\MiKTeX 2.9\miktex\bin\x64\;C:\Users\Ritesh\introcs\bin;C:\Users\Ritesh\introcs\j3d\bin;C:\Users\Ritesh\introcs\java\bin;C:\Program Files\Java\jdk1.6.0_35\;E:\arduino-1.0.1\java\bin
USERNAME=Ritesh
OS=Windows_NT
PROCESSOR_IDENTIFIER=Intel64 Family 6 Model 42 Stepping 7, GenuineIntel



---------------  S Y S T E M  ---------------

OS: Windows 7 Build 7601 Service Pack 1

CPU:total 4 (8 cores per cpu, 2 threads per core) family 6 model 42 stepping 7, cmov, cx8, fxsr, mmx, sse, sse2, sse3, ssse3, sse4.1, sse4.2, ht

Memory: 4k page, physical 4194303k(4194303k free), swap 4194303k(4194303k free)

vm_info: Java HotSpot(TM) Client VM (14.2-b01) for windows-x86 JRE (1.6.0_16-b01), built on Jul 31 2009 11:26:58 by "java_re" with MS VC++ 7.1

time: Wed Jul 10 12:21:13 2013
elapsed time: 11 seconds

